Base path: C:/Program Files/Unity/Hub/Editor/2018.2.13f1/Editor/Data
Cmd: initializeCompiler
Cmd: initializeCompiler
Cmd: initializeCompiler
Cmd: initializeCompiler
Cmd: initializeCompiler
Cmd: preprocessCompute
  insize=1291 outsize=1290 ok=1
Cmd: compileComputeKernel
  api=4 insize=1290 outsize=1449 ok=1
Cmd: initializeCompiler
Cmd: preprocessCompute
  insize=1320 outsize=1319 ok=1
Cmd: initializeCompiler
Cmd: initializeCompiler
Cmd: initializeCompiler
Cmd: initializeCompiler
Cmd: initializeCompiler
Cmd: initializeCompiler
Cmd: initializeCompiler
Cmd: initializeCompiler
Cmd: initializeCompiler
Cmd: initializeCompiler
Cmd: initializeCompiler
Cmd: preprocessCompute
  insize=1310 outsize=1309 ok=1
Cmd: initializeCompiler
Cmd: initializeCompiler
Cmd: initializeCompiler
Cmd: preprocessCompute
  insize=1356 outsize=1355 ok=1
Cmd: initializeCompiler
Cmd: preprocessCompute
  insize=1312 outsize=1311 ok=1
Cmd: compileComputeKernel
  api=4 insize=1311 outsize=1449 ok=1
Cmd: initializeCompiler
Cmd: initializeCompiler
Cmd: initializeCompiler
Cmd: preprocessCompute
  insize=1504 outsize=1505 ok=1
Cmd: compileComputeKernel
  api=4 insize=1505 outsize=305 ok=1
Cmd: initializeCompiler
Cmd: preprocessCompute
  insize=1500 outsize=1501 ok=1
Cmd: initializeCompiler
Cmd: initializeCompiler
Cmd: preprocessCompute
  insize=1507 outsize=1508 ok=1
Cmd: compileComputeKernel
  api=4 insize=1508 outsize=1453 ok=1
Cmd: initializeCompiler
Cmd: preprocessCompute
  insize=1486 outsize=1487 ok=1
Cmd: initializeCompiler
